[27-Jun-2022 07:03:32 UTC] PHP Warning:  strlen() expects parameter 1 to be string, object given in /home/creamcode/Local Sites/anything/app/public/wp-admin/includes/class-wp-filesystem-direct.php on line 74
[27-Jun-2022 07:03:32 UTC] PHP Stack trace:
[27-Jun-2022 07:03:32 UTC] PHP   1. {main}() /home/creamcode/Local Sites/anything/app/public/wp-admin/admin-ajax.php:0
[27-Jun-2022 07:03:32 UTC] PHP   2. do_action($hook_name = 'wp_ajax_sinatra_core_import_step') /home/creamcode/Local Sites/anything/app/public/wp-admin/admin-ajax.php:187
[27-Jun-2022 07:03:32 UTC] PHP   3. WP_Hook->do_action($args = [0 => '']) /home/creamcode/Local Sites/anything/app/public/wp-includes/plugin.php:476
[27-Jun-2022 07:03:32 UTC] PHP   4. WP_Hook->apply_filters($value = '', $args = [0 => '']) /home/creamcode/Local Sites/anything/app/public/wp-includes/class-wp-hook.php:331
[27-Jun-2022 07:03:32 UTC] PHP   5. Sinatra_Demo_Importer->import_demo_step('') /home/creamcode/Local Sites/anything/app/public/wp-includes/class-wp-hook.php:307
[27-Jun-2022 07:03:32 UTC] PHP   6. Sinatra_Demo_Importer->import_wpforms() /home/creamcode/Local Sites/anything/app/public/wp-content/plugins/sinatra-core/includes/admin/demo-library/class-sinatra-demo-importer.php:132
[27-Jun-2022 07:03:32 UTC] PHP   7. Sinatra_Demo_Importer->get_import_file_contents($filename = 'wpforms.json', $zip = *uninitialized*) /home/creamcode/Local Sites/anything/app/public/wp-content/plugins/sinatra-core/includes/admin/demo-library/class-sinatra-demo-importer.php:573
[27-Jun-2022 07:03:32 UTC] PHP   8. Sinatra_Demo_Importer->download_file($filename = 'wpforms.json', $args = *uninitialized*) /home/creamcode/Local Sites/anything/app/public/wp-content/plugins/sinatra-core/includes/admin/demo-library/class-sinatra-demo-importer.php:274
[27-Jun-2022 07:03:32 UTC] PHP   9. Sinatra_Demo_Importer->download($from = 'https://assets.sinatrawp.com/demos/travel-blog/wpforms.json', $to = '/home/creamcode/Local Sites/anything/app/public/wp-content/uploads/sinatra/travel-blog/wpforms.json') /home/creamcode/Local Sites/anything/app/public/wp-content/plugins/sinatra-core/includes/admin/demo-library/class-sinatra-demo-importer.php:655
[27-Jun-2022 07:03:32 UTC] PHP  10. WP_Filesystem_Direct->put_contents($file = '/home/creamcode/Local Sites/anything/app/public/wp-content/uploads/sinatra/travel-blog/wpforms.json', $contents = class WP_Error { public $errors = ['error' => [...]]; public $error_data = []; protected $additional_data = [] }, $mode = *uninitialized*) /home/creamcode/Local Sites/anything/app/public/wp-content/plugins/sinatra-core/includes/admin/demo-library/class-sinatra-demo-importer.php:683
[27-Jun-2022 07:03:32 UTC] PHP Warning:  fwrite() expects parameter 2 to be string, object given in /home/creamcode/Local Sites/anything/app/public/wp-admin/includes/class-wp-filesystem-direct.php on line 76
[27-Jun-2022 07:03:32 UTC] PHP Stack trace:
[27-Jun-2022 07:03:32 UTC] PHP   1. {main}() /home/creamcode/Local Sites/anything/app/public/wp-admin/admin-ajax.php:0
[27-Jun-2022 07:03:32 UTC] PHP   2. do_action($hook_name = 'wp_ajax_sinatra_core_import_step') /home/creamcode/Local Sites/anything/app/public/wp-admin/admin-ajax.php:187
[27-Jun-2022 07:03:32 UTC] PHP   3. WP_Hook->do_action($args = [0 => '']) /home/creamcode/Local Sites/anything/app/public/wp-includes/plugin.php:476
[27-Jun-2022 07:03:32 UTC] PHP   4. WP_Hook->apply_filters($value = '', $args = [0 => '']) /home/creamcode/Local Sites/anything/app/public/wp-includes/class-wp-hook.php:331
[27-Jun-2022 07:03:32 UTC] PHP   5. Sinatra_Demo_Importer->import_demo_step('') /home/creamcode/Local Sites/anything/app/public/wp-includes/class-wp-hook.php:307
[27-Jun-2022 07:03:32 UTC] PHP   6. Sinatra_Demo_Importer->import_wpforms() /home/creamcode/Local Sites/anything/app/public/wp-content/plugins/sinatra-core/includes/admin/demo-library/class-sinatra-demo-importer.php:132
[27-Jun-2022 07:03:32 UTC] PHP   7. Sinatra_Demo_Importer->get_import_file_contents($filename = 'wpforms.json', $zip = *uninitialized*) /home/creamcode/Local Sites/anything/app/public/wp-content/plugins/sinatra-core/includes/admin/demo-library/class-sinatra-demo-importer.php:573
[27-Jun-2022 07:03:32 UTC] PHP   8. Sinatra_Demo_Importer->download_file($filename = 'wpforms.json', $args = *uninitialized*) /home/creamcode/Local Sites/anything/app/public/wp-content/plugins/sinatra-core/includes/admin/demo-library/class-sinatra-demo-importer.php:274
[27-Jun-2022 07:03:32 UTC] PHP   9. Sinatra_Demo_Importer->download($from = 'https://assets.sinatrawp.com/demos/travel-blog/wpforms.json', $to = '/home/creamcode/Local Sites/anything/app/public/wp-content/uploads/sinatra/travel-blog/wpforms.json') /home/creamcode/Local Sites/anything/app/public/wp-content/plugins/sinatra-core/includes/admin/demo-library/class-sinatra-demo-importer.php:655
[27-Jun-2022 07:03:32 UTC] PHP  10. WP_Filesystem_Direct->put_contents($file = '/home/creamcode/Local Sites/anything/app/public/wp-content/uploads/sinatra/travel-blog/wpforms.json', $contents = class WP_Error { public $errors = ['error' => [...]]; public $error_data = []; protected $additional_data = [] }, $mode = *uninitialized*) /home/creamcode/Local Sites/anything/app/public/wp-content/plugins/sinatra-core/includes/admin/demo-library/class-sinatra-demo-importer.php:683
[27-Jun-2022 07:03:32 UTC] PHP  11. fwrite($fp = resource(126) of type (stream), $str = class WP_Error { public $errors = ['error' => [...]]; public $error_data = []; protected $additional_data = [] }) /home/creamcode/Local Sites/anything/app/public/wp-admin/includes/class-wp-filesystem-direct.php:76
